              _             
             (_)            
   __ _ _ __  _ _ __   __ _ 
  / _` | '_ \| | '_ \ / _` |
 | (_| | | | | | | | | (_| |
  \__, |_| |_|_|_| |_|\__,_|
   __/ |                    
  |___/                     

gnina v1.1 master:e4cb380+   Built Dec 18 2023.
gnina is based on smina and AutoDock Vina.
Please cite appropriately.

Commandline: gnina --config docking_fmn.conf --verbosity 1
Using random seed: 790700878

mode |  affinity  |  intramol  |    CNN     |   CNN
     | (kcal/mol) | (kcal/mol) | pose score | affinity
-----+------------+------------+------------+----------
    1       -1.85        6.12       0.4819      5.144
    2       -9.21       -0.72       0.3319      6.286
    3       -8.79       -1.05       0.2990      6.198
    4       -6.03       -0.80       0.2642      6.095
    5       -9.85       -1.14       0.2614      8.584
    6       -7.63       -0.96       0.2518      5.977
    7       -9.52        0.80       0.2496      8.444
    8       -9.47       -0.57       0.2466      8.373
    9       -8.20       -0.91       0.2453      6.042
   10       -9.96       -0.38       0.2434      8.565
